# JRE version: Java(TM) SE Runtime Environment (8.0_201-b09) (build 1.8.0_201-b09)
# Java VM: Java HotSpot(TM) 64-Bit Server VM (25.201-b09 mixed mode bsd-amd64 compressed oops)
Heap:
 PSYoungGen      total 76288K, used 5979K [0x000000076ab00000, 0x0000000770000000, 0x00000007c0000000)
  eden space 65536K, 9% used [0x000000076ab00000,0x000000076b0d6cb8,0x000000076eb00000)
  from space 10752K, 0% used [0x000000076eb00000,0x000000076eb00000,0x000000076f580000)
  to   space 10752K, 0% used [0x000000076f580000,0x000000076f580000,0x0000000770000000)
 ParOldGen       total 98304K, used 20555K [0x00000006c0000000, 0x00000006c6000000, 0x000000076ab00000)
  object space 98304K, 20% used [0x00000006c0000000,0x00000006c1412c10,0x00000006c6000000)
 Metaspace       used 20402K, capacity 21215K, committed 21424K, reserved 1067008K
  class space    used 2726K, capacity 2949K, committed 3072K, reserved 1048576K
GC Heap History (4 events):
Event: 21.073 GC heap before
{Heap before GC invocations=1 (full 0):
 PSYoungGen      total 76288K, used 56771K [0x000000076ab00000, 0x0000000770000000, 0x00000007c0000000)
  eden space 65536K, 86% used [0x000000076ab00000,0x000000076e270dd8,0x000000076eb00000)
  from space 10752K, 0% used [0x000000076f580000,0x000000076f580000,0x0000000770000000)
  to   space 10752K, 0% used [0x000000076eb00000,0x000000076eb00000,0x000000076f580000)
 ParOldGen       total 175104K, used 0K [0x00000006c0000000, 0x00000006cab00000, 0x000000076ab00000)
  object space 175104K, 0% used [0x00000006c0000000,0x00000006c0000000,0x00000006cab00000)
 Metaspace       used 20394K, capacity 21199K, committed 21296K, reserved 1067008K
  class space    used 2724K, capacity 2944K, committed 2944K, reserved 1048576K
Event: 21.084 GC heap after
Heap after GC invocations=1 (full 0):
 PSYoungGen      total 76288K, used 10727K [0x000000076ab00000, 0x0000000770000000, 0x00000007c0000000)
  eden space 65536K, 0% used [0x000000076ab00000,0x000000076ab00000,0x000000076eb00000)
  from space 10752K, 99% used [0x000000076eb00000,0x000000076f579fe0,0x000000076f580000)
  to   space 10752K, 0% used [0x000000076f580000,0x000000076f580000,0x0000000770000000)
 ParOldGen       total 175104K, used 11755K [0x00000006c0000000, 0x00000006cab00000, 0x000000076ab00000)
  object space 175104K, 6% used [0x00000006c0000000,0x00000006c0b7add0,0x00000006cab00000)
 Metaspace       used 20394K, capacity 21199K, committed 21296K, reserved 1067008K
  class space    used 2724K, capacity 2944K, committed 2944K, reserved 1048576K
}
Event: 21.084 GC heap before
{Heap before GC invocations=2 (full 1):
 PSYoungGen      total 76288K, used 10727K [0x000000076ab00000, 0x0000000770000000, 0x00000007c0000000)
  eden space 65536K, 0% used [0x000000076ab00000,0x000000076ab00000,0x000000076eb00000)
  from space 10752K, 99% used [0x000000076eb00000,0x000000076f579fe0,0x000000076f580000)
  to   space 10752K, 0% used [0x000000076f580000,0x000000076f580000,0x0000000770000000)
 ParOldGen       total 175104K, used 11755K [0x00000006c0000000, 0x00000006cab00000, 0x000000076ab00000)
  object space 175104K, 6% used [0x00000006c0000000,0x00000006c0b7add0,0x00000006cab00000)
 Metaspace       used 20394K, capacity 21199K, committed 21296K, reserved 1067008K
  class space    used 2724K, capacity 2944K, committed 2944K, reserved 1048576K
Event: 21.106 GC heap after
Heap after GC invocations=2 (full 1):
 PSYoungGen      total 76288K, used 0K [0x000000076ab00000, 0x0000000770000000, 0x00000007c0000000)
  eden space 65536K, 0% used [0x000000076ab00000,0x000000076ab00000,0x000000076eb00000)
  from space 10752K, 0% used [0x000000076eb00000,0x000000076eb00000,0x000000076f580000)
  to   space 10752K, 0% used [0x000000076f580000,0x000000076f580000,0x0000000770000000)
 ParOldGen       total 98304K, used 20555K [0x00000006c0000000, 0x00000006c6000000, 0x000000076ab00000)
  object space 98304K, 20% used [0x00000006c0000000,0x00000006c1412c10,0x00000006c6000000)
 Metaspace       used 20394K, capacity 21199K, committed 21296K, reserved 1067008K
  class space    used 2724K, capacity 2944K, committed 2944K, reserved 1048576K
}

